0 info it worked if it ends with ok
1 verbose cli [ 'c:\\Program Files\\nodejs\\node.exe',
1 verbose cli   'c:\\Program Files\\nodejs\\node_modules\\npm\\bin\\npm-cli.js',
1 verbose cli   'install',
1 verbose cli   'fs' ]
2 info using npm@1.1.66
3 info using node@v0.8.15
4 verbose read json E:\my game\Game\FantasyElementsRPG\FantasyElementsRPGServer\FantasyElementsRPG\package.json
5 warn package.json application-name@0.0.1 No README.md file found!
6 verbose read json E:\my game\Game\FantasyElementsRPG\FantasyElementsRPGServer\FantasyElementsRPG\node_modules\express\package.json
7 verbose read json E:\my game\Game\FantasyElementsRPG\FantasyElementsRPGServer\FantasyElementsRPG\node_modules\jade\package.json
8 verbose read json E:\my game\Game\FantasyElementsRPG\FantasyElementsRPGServer\FantasyElementsRPG\node_modules\less-middleware\package.json
9 verbose read json E:\my game\Game\FantasyElementsRPG\FantasyElementsRPGServer\FantasyElementsRPG\node_modules\requirejs\package.json
10 verbose read json E:\my game\Game\FantasyElementsRPG\FantasyElementsRPGServer\FantasyElementsRPG\node_modules\socket.io\package.json
11 verbose from cache E:\my game\Game\FantasyElementsRPG\FantasyElementsRPGServer\FantasyElementsRPG\package.json
12 verbose readDependencies using package.json deps
13 verbose cache add [ 'fs', null ]
14 silly cache add name=undefined spec="fs" args=["fs",null]
15 verbose parsed url { pathname: 'fs', path: 'fs', href: 'fs' }
16 silly lockFile 3f4bb586-fs fs
17 verbose lock fs C:\Users\Jamal\AppData\Roaming\npm-cache\3f4bb586-fs.lock
18 silly lockFile 3f4bb586-fs fs
19 verbose addNamed [ 'fs', '' ]
20 verbose addNamed [ null, '' ]
21 silly lockFile a107b96b-fs fs@
22 verbose lock fs@ C:\Users\Jamal\AppData\Roaming\npm-cache\a107b96b-fs.lock
23 silly addNameRange { name: 'fs', range: '', hasData: false }
24 verbose url raw fs
25 verbose url resolving [ 'https://registry.npmjs.org/', './fs' ]
26 verbose url resolved https://registry.npmjs.org/fs
27 info trying registry request attempt 1 at 11:12:24
28 http GET https://registry.npmjs.org/fs
29 http 404 https://registry.npmjs.org/fs
30 silly registry.get cb [ 404,
30 silly registry.get   { server: 'CouchDB/1.3.0 (Erlang OTP/R15B03)',
30 silly registry.get     date: 'Sat, 06 Jul 2013 05:42:33 GMT',
30 silly registry.get     'content-type': 'application/json',
30 silly registry.get     'content-length': '52',
30 silly registry.get     'cache-control': 'must-revalidate' } ]
31 silly lockFile a107b96b-fs fs@
32 error 404 'fs' is not in the npm registry.
32 error 404 You should bug the author to publish it
32 error 404
32 error 404 Note that you can also install from a
32 error 404 tarball, folder, or http url, or git url.
33 error System Windows_NT 6.2.9200
34 error command "c:\\Program Files\\nodejs\\node.exe" "c:\\Program Files\\nodejs\\node_modules\\npm\\bin\\npm-cli.js" "install" "fs"
35 error cwd E:\my game\Game\FantasyElementsRPG\FantasyElementsRPGServer\FantasyElementsRPG
36 error node -v v0.8.15
37 error npm -v 1.1.66
38 error code E404
39 verbose exit [ 1, true ]
